# JRE version: Java(TM) SE Runtime Environment (8.0_11-b12) (build 1.8.0_11-b12)
# Java VM: Java HotSpot(TM) 64-Bit Server VM (25.11-b03 mixed mode bsd-amd64 compressed oops)
Heap:
 PSYoungGen      total 9728K, used 5749K [0x0000000795580000, 0x0000000796080000, 0x00000007c0000000)
  eden space 8192K, 61% used [0x0000000795580000,0x0000000795a61b80,0x0000000795d80000)
  from space 1536K, 48% used [0x0000000795f00000,0x0000000795fbb890,0x0000000796080000)
  to   space 1536K, 0% used [0x0000000795d80000,0x0000000795d80000,0x0000000795f00000)
 ParOldGen       total 129536K, used 1481K [0x0000000740000000, 0x0000000747e80000, 0x0000000795580000)
  object space 129536K, 1% used [0x0000000740000000,0x00000007401727b0,0x0000000747e80000)
 Metaspace       used 7567K, capacity 7695K, committed 7936K, reserved 1056768K
  class space    used 717K, capacity 754K, committed 768K, reserved 1048576K
GC Heap History (10 events):
Event: 0.315 GC heap before
{Heap before GC invocations=4 (full 0):
 PSYoungGen      total 1536K, used 1504K [0x0000000795580000, 0x0000000795880000, 0x00000007c0000000)
  eden space 1024K, 100% used [0x0000000795580000,0x0000000795680000,0x0000000795680000)
  from space 512K, 93% used [0x0000000795680000,0x00000007956f8020,0x0000000795700000)
  to   space 512K, 0% used [0x0000000795800000,0x0000000795800000,0x0000000795880000)
 ParOldGen       total 129536K, used 366K [0x0000000740000000, 0x0000000747e80000, 0x0000000795580000)
  object space 129536K, 0% used [0x0000000740000000,0x000000074005bab0,0x0000000747e80000)
 Metaspace       used 3897K, capacity 5496K, committed 5632K, reserved 1056768K
  class space    used 396K, capacity 488K, committed 512K, reserved 1048576K
Event: 0.317 GC heap after
Heap after GC invocations=4 (full 0):
 PSYoungGen      total 2560K, used 480K [0x0000000795580000, 0x0000000795880000, 0x00000007c0000000)
  eden space 2048K, 0% used [0x0000000795580000,0x0000000795580000,0x0000000795780000)
  from space 512K, 93% used [0x0000000795800000,0x0000000795878020,0x0000000795880000)
  to   space 512K, 0% used [0x0000000795780000,0x0000000795780000,0x0000000795800000)
 ParOldGen       total 129536K, used 672K [0x0000000740000000, 0x0000000747e80000, 0x0000000795580000)
  object space 129536K, 0% used [0x0000000740000000,0x00000007400a8340,0x0000000747e80000)
 Metaspace       used 3897K, capacity 5496K, committed 5632K, reserved 1056768K
  class space    used 396K, capacity 488K, committed 512K, reserved 1048576K
}
Event: 0.789 GC heap before
{Heap before GC invocations=5 (full 0):
 PSYoungGen      total 2560K, used 2528K [0x0000000795580000, 0x0000000795880000, 0x00000007c0000000)
  eden space 2048K, 100% used [0x0000000795580000,0x0000000795780000,0x0000000795780000)
  from space 512K, 93% used [0x0000000795800000,0x0000000795878020,0x0000000795880000)
  to   space 512K, 0% used [0x0000000795780000,0x0000000795780000,0x0000000795800000)
 ParOldGen       total 129536K, used 672K [0x0000000740000000, 0x0000000747e80000, 0x0000000795580000)
  object space 129536K, 0% used [0x0000000740000000,0x00000007400a8340,0x0000000747e80000)
 Metaspace       used 5794K, capacity 5956K, committed 6144K, reserved 1056768K
  class space    used 624K, capacity 658K, committed 768K, reserved 1048576K
Event: 0.793 GC heap after
Heap after GC invocations=5 (full 0):
 PSYoungGen      total 2560K, used 512K [0x0000000795580000, 0x0000000795c80000, 0x00000007c0000000)
  eden space 2048K, 0% used [0x0000000795580000,0x0000000795580000,0x0000000795780000)
  from space 512K, 100% used [0x0000000795780000,0x0000000795800000,0x0000000795800000)
  to   space 1536K, 0% used [0x0000000795b00000,0x0000000795b00000,0x0000000795c80000)
 ParOldGen       total 129536K, used 1181K [0x0000000740000000, 0x0000000747e80000, 0x0000000795580000)
  object space 129536K, 0% used [0x0000000740000000,0x00000007401277a0,0x0000000747e80000)
 Metaspace       used 5794K, capacity 5956K, committed 6144K, reserved 1056768K
  class space    used 624K, capacity 658K, committed 768K, reserved 1048576K
}
Event: 1.035 GC heap before
{Heap before GC invocations=6 (full 0):
 PSYoungGen      total 2560K, used 2560K [0x0000000795580000, 0x0000000795c80000, 0x00000007c0000000)
  eden space 2048K, 100% used [0x0000000795580000,0x0000000795780000,0x0000000795780000)
  from space 512K, 100% used [0x0000000795780000,0x0000000795800000,0x0000000795800000)
  to   space 1536K, 0% used [0x0000000795b00000,0x0000000795b00000,0x0000000795c80000)
 ParOldGen       total 129536K, used 1181K [0x0000000740000000, 0x0000000747e80000, 0x0000000795580000)
  object space 129536K, 0% used [0x0000000740000000,0x00000007401277a0,0x0000000747e80000)
 Metaspace       used 6628K, capacity 6719K, committed 6912K, reserved 1056768K
  class space    used 655K, capacity 690K, committed 768K, reserved 1048576K
Event: 1.037 GC heap after
Heap after GC invocations=6 (full 0):
 PSYoungGen      total 5632K, used 1162K [0x0000000795580000, 0x0000000795c80000, 0x00000007c0000000)
  eden space 4096K, 0% used [0x0000000795580000,0x0000000795580000,0x0000000795980000)
  from space 1536K, 75% used [0x0000000795b00000,0x0000000795c22a58,0x0000000795c80000)
  to   space 1536K, 0% used [0x0000000795980000,0x0000000795980000,0x0000000795b00000)
 ParOldGen       total 129536K, used 1189K [0x0000000740000000, 0x0000000747e80000, 0x0000000795580000)
  object space 129536K, 0% used [0x0000000740000000,0x00000007401297a0,0x0000000747e80000)
 Metaspace       used 6628K, capacity 6719K, committed 6912K, reserved 1056768K
  class space    used 655K, capacity 690K, committed 768K, reserved 1048576K
}
Event: 1.931 GC heap before
{Heap before GC invocations=7 (full 0):
 PSYoungGen      total 5632K, used 5258K [0x0000000795580000, 0x0000000795c80000, 0x00000007c0000000)
  eden space 4096K, 100% used [0x0000000795580000,0x0000000795980000,0x0000000795980000)
  from space 1536K, 75% used [0x0000000795b00000,0x0000000795c22a58,0x0000000795c80000)
  to   space 1536K, 0% used [0x0000000795980000,0x0000000795980000,0x0000000795b00000)
 ParOldGen       total 129536K, used 1189K [0x0000000740000000, 0x0000000747e80000, 0x0000000795580000)
  object space 129536K, 0% used [0x0000000740000000,0x00000007401297a0,0x0000000747e80000)
 Metaspace       used 7439K, capacity 7567K, committed 7680K, reserved 1056768K
  class space    used 709K, capacity 754K, committed 768K, reserved 1048576K
Event: 1.935 GC heap after
Heap after GC invocations=7 (full 0):
 PSYoungGen      total 5632K, used 1214K [0x0000000795580000, 0x0000000796080000, 0x00000007c0000000)
  eden space 4096K, 0% used [0x0000000795580000,0x0000000795580000,0x0000000795980000)
  from space 1536K, 79% used [0x0000000795980000,0x0000000795aafa90,0x0000000795b00000)
  to   space 1536K, 0% used [0x0000000795f00000,0x0000000795f00000,0x0000000796080000)
 ParOldGen       total 129536K, used 1385K [0x0000000740000000, 0x0000000747e80000, 0x0000000795580000)
  object space 129536K, 1% used [0x0000000740000000,0x000000074015a7b0,0x0000000747e80000)
 Metaspace       used 7439K, capacity 7567K, committed 7680K, reserved 1056768K
  class space    used 709K, capacity 754K, committed 768K, reserved 1048576K
}
Event: 3.798 GC heap before
{Heap before GC invocations=8 (full 0):
 PSYoungGen      total 5632K, used 5310K [0x0000000795580000, 0x0000000796080000, 0x00000007c0000000)
  eden space 4096K, 100% used [0x0000000795580000,0x0000000795980000,0x0000000795980000)
  from space 1536K, 79% used [0x0000000795980000,0x0000000795aafa90,0x0000000795b00000)
  to   space 1536K, 0% used [0x0000000795f00000,0x0000000795f00000,0x0000000796080000)
 ParOldGen       total 129536K, used 1385K [0x0000000740000000, 0x0000000747e80000, 0x0000000795580000)
  object space 129536K, 1% used [0x0000000740000000,0x000000074015a7b0,0x0000000747e80000)
 Metaspace       used 7517K, capacity 7631K, committed 7680K, reserved 1056768K
  class space    used 715K, capacity 754K, committed 768K, reserved 1048576K
Event: 3.801 GC heap after
Heap after GC invocations=8 (full 0):
 PSYoungGen      total 9728K, used 750K [0x0000000795580000, 0x0000000796080000, 0x00000007c0000000)
  eden space 8192K, 0% used [0x0000000795580000,0x0000000795580000,0x0000000795d80000)
  from space 1536K, 48% used [0x0000000795f00000,0x0000000795fbb890,0x0000000796080000)
  to   space 1536K, 0% used [0x0000000795d80000,0x0000000795d80000,0x0000000795f00000)
 ParOldGen       total 129536K, used 1481K [0x0000000740000000, 0x0000000747e80000, 0x0000000795580000)
  object space 129536K, 1% used [0x0000000740000000,0x00000007401727b0,0x0000000747e80000)
 Metaspace       used 7517K, capacity 7631K, committed 7680K, reserved 1056768K
  class space    used 715K, capacity 754K, committed 768K, reserved 1048576K
}

