# JRE version: Java(TM) SE Runtime Environment (8.0_11-b12) (build 1.8.0_11-b12)
# Java VM: Java HotSpot(TM) 64-Bit Server VM (25.11-b03 mixed mode bsd-amd64 compressed oops)
Heap:
 PSYoungGen      total 8704K, used 6133K [0x0000000795580000, 0x0000000796480000, 0x00000007c0000000)
  eden space 8192K, 73% used [0x0000000795580000,0x0000000795b5d618,0x0000000795d80000)
  from space 512K, 25% used [0x0000000796400000,0x0000000796420000,0x0000000796480000)
  to   space 1536K, 0% used [0x0000000796180000,0x0000000796180000,0x0000000796300000)
 ParOldGen       total 129536K, used 2093K [0x0000000740000000, 0x0000000747e80000, 0x0000000795580000)
  object space 129536K, 1% used [0x0000000740000000,0x000000074020b798,0x0000000747e80000)
 Metaspace       used 7501K, capacity 7631K, committed 7680K, reserved 1056768K
  class space    used 711K, capacity 754K, committed 768K, reserved 1048576K
GC Heap History (10 events):
Event: 0.743 GC heap before
{Heap before GC invocations=6 (full 0):
 PSYoungGen      total 2560K, used 2544K [0x0000000795580000, 0x0000000795c80000, 0x00000007c0000000)
  eden space 2048K, 100% used [0x0000000795580000,0x0000000795780000,0x0000000795780000)
  from space 512K, 96% used [0x0000000795780000,0x00000007957fc010,0x0000000795800000)
  to   space 1536K, 0% used [0x0000000795b00000,0x0000000795b00000,0x0000000795c80000)
 ParOldGen       total 129536K, used 1189K [0x0000000740000000, 0x0000000747e80000, 0x0000000795580000)
  object space 129536K, 0% used [0x0000000740000000,0x00000007401295b0,0x0000000747e80000)
 Metaspace       used 6628K, capacity 6719K, committed 6912K, reserved 1056768K
  class space    used 655K, capacity 690K, committed 768K, reserved 1048576K
Event: 0.745 GC heap after
Heap after GC invocations=6 (full 0):
 PSYoungGen      total 5632K, used 1081K [0x0000000795580000, 0x0000000795c80000, 0x00000007c0000000)
  eden space 4096K, 0% used [0x0000000795580000,0x0000000795580000,0x0000000795980000)
  from space 1536K, 70% used [0x0000000795b00000,0x0000000795c0e488,0x0000000795c80000)
  to   space 1536K, 0% used [0x0000000795980000,0x0000000795980000,0x0000000795b00000)
 ParOldGen       total 129536K, used 1197K [0x0000000740000000, 0x0000000747e80000, 0x0000000795580000)
  object space 129536K, 0% used [0x0000000740000000,0x000000074012b5b0,0x0000000747e80000)
 Metaspace       used 6628K, capacity 6719K, committed 6912K, reserved 1056768K
  class space    used 655K, capacity 690K, committed 768K, reserved 1048576K
}
Event: 1.729 GC heap before
{Heap before GC invocations=7 (full 0):
 PSYoungGen      total 5632K, used 5177K [0x0000000795580000, 0x0000000795c80000, 0x00000007c0000000)
  eden space 4096K, 100% used [0x0000000795580000,0x0000000795980000,0x0000000795980000)
  from space 1536K, 70% used [0x0000000795b00000,0x0000000795c0e488,0x0000000795c80000)
  to   space 1536K, 0% used [0x0000000795980000,0x0000000795980000,0x0000000795b00000)
 ParOldGen       total 129536K, used 1197K [0x0000000740000000, 0x0000000747e80000, 0x0000000795580000)
  object space 129536K, 0% used [0x0000000740000000,0x000000074012b5b0,0x0000000747e80000)
 Metaspace       used 7331K, capacity 7439K, committed 7680K, reserved 1056768K
  class space    used 702K, capacity 754K, committed 768K, reserved 1048576K
Event: 1.732 GC heap after
Heap after GC invocations=7 (full 0):
 PSYoungGen      total 5632K, used 1143K [0x0000000795580000, 0x0000000796080000, 0x00000007c0000000)
  eden space 4096K, 0% used [0x0000000795580000,0x0000000795580000,0x0000000795980000)
  from space 1536K, 74% used [0x0000000795980000,0x0000000795a9de38,0x0000000795b00000)
  to   space 1536K, 0% used [0x0000000795f00000,0x0000000795f00000,0x0000000796080000)
 ParOldGen       total 129536K, used 1389K [0x0000000740000000, 0x0000000747e80000, 0x0000000795580000)
  object space 129536K, 1% used [0x0000000740000000,0x000000074015b5d0,0x0000000747e80000)
 Metaspace       used 7331K, capacity 7439K, committed 7680K, reserved 1056768K
  class space    used 702K, capacity 754K, committed 768K, reserved 1048576K
}
Event: 3.579 GC heap before
{Heap before GC invocations=8 (full 0):
 PSYoungGen      total 5632K, used 5239K [0x0000000795580000, 0x0000000796080000, 0x00000007c0000000)
  eden space 4096K, 100% used [0x0000000795580000,0x0000000795980000,0x0000000795980000)
  from space 1536K, 74% used [0x0000000795980000,0x0000000795a9de38,0x0000000795b00000)
  to   space 1536K, 0% used [0x0000000795f00000,0x0000000795f00000,0x0000000796080000)
 ParOldGen       total 129536K, used 1389K [0x0000000740000000, 0x0000000747e80000, 0x0000000795580000)
  object space 129536K, 1% used [0x0000000740000000,0x000000074015b5d0,0x0000000747e80000)
 Metaspace       used 7388K, capacity 7567K, committed 7680K, reserved 1056768K
  class space    used 708K, capacity 754K, committed 768K, reserved 1048576K
Event: 3.583 GC heap after
Heap after GC invocations=8 (full 0):
 PSYoungGen      total 9728K, used 686K [0x0000000795580000, 0x0000000796080000, 0x00000007c0000000)
  eden space 8192K, 0% used [0x0000000795580000,0x0000000795580000,0x0000000795d80000)
  from space 1536K, 44% used [0x0000000795f00000,0x0000000795fab890,0x0000000796080000)
  to   space 1536K, 0% used [0x0000000795d80000,0x0000000795d80000,0x0000000795f00000)
 ParOldGen       total 129536K, used 1477K [0x0000000740000000, 0x0000000747e80000, 0x0000000795580000)
  object space 129536K, 1% used [0x0000000740000000,0x00000007401715d0,0x0000000747e80000)
 Metaspace       used 7388K, capacity 7567K, committed 7680K, reserved 1056768K
  class space    used 708K, capacity 754K, committed 768K, reserved 1048576K
}
Event: 7.229 GC heap before
{Heap before GC invocations=9 (full 0):
 PSYoungGen      total 9728K, used 8878K [0x0000000795580000, 0x0000000796080000, 0x00000007c0000000)
  eden space 8192K, 100% used [0x0000000795580000,0x0000000795d80000,0x0000000795d80000)
  from space 1536K, 44% used [0x0000000795f00000,0x0000000795fab890,0x0000000796080000)
  to   space 1536K, 0% used [0x0000000795d80000,0x0000000795d80000,0x0000000795f00000)
 ParOldGen       total 129536K, used 1477K [0x0000000740000000, 0x0000000747e80000, 0x0000000795580000)
  object space 129536K, 1% used [0x0000000740000000,0x00000007401715d0,0x0000000747e80000)
 Metaspace       used 7441K, capacity 7567K, committed 7680K, reserved 1056768K
  class space    used 710K, capacity 754K, committed 768K, reserved 1048576K
Event: 7.231 GC heap after
Heap after GC invocations=9 (full 0):
 PSYoungGen      total 9728K, used 238K [0x0000000795580000, 0x0000000796580000, 0x00000007c0000000)
  eden space 8192K, 0% used [0x0000000795580000,0x0000000795580000,0x0000000795d80000)
  from space 1536K, 15% used [0x0000000795d80000,0x0000000795dbb890,0x0000000795f00000)
  to   space 1536K, 0% used [0x0000000796400000,0x0000000796400000,0x0000000796580000)
 ParOldGen       total 129536K, used 1927K [0x0000000740000000, 0x0000000747e80000, 0x0000000795580000)
  object space 129536K, 1% used [0x0000000740000000,0x00000007401e1f08,0x0000000747e80000)
 Metaspace       used 7441K, capacity 7567K, committed 7680K, reserved 1056768K
  class space    used 710K, capacity 754K, committed 768K, reserved 1048576K
}
Event: 10.913 GC heap before
{Heap before GC invocations=10 (full 0):
 PSYoungGen      total 9728K, used 8430K [0x0000000795580000, 0x0000000796580000, 0x00000007c0000000)
  eden space 8192K, 100% used [0x0000000795580000,0x0000000795d80000,0x0000000795d80000)
  from space 1536K, 15% used [0x0000000795d80000,0x0000000795dbb890,0x0000000795f00000)
  to   space 1536K, 0% used [0x0000000796400000,0x0000000796400000,0x0000000796580000)
 ParOldGen       total 129536K, used 1927K [0x0000000740000000, 0x0000000747e80000, 0x0000000795580000)
  object space 129536K, 1% used [0x0000000740000000,0x00000007401e1f08,0x0000000747e80000)
 Metaspace       used 7485K, capacity 7631K, committed 7680K, reserved 1056768K
  class space    used 710K, capacity 754K, committed 768K, reserved 1048576K
Event: 10.914 GC heap after
Heap after GC invocations=10 (full 0):
 PSYoungGen      total 8704K, used 128K [0x0000000795580000, 0x0000000796480000, 0x00000007c0000000)
  eden space 8192K, 0% used [0x0000000795580000,0x0000000795580000,0x0000000795d80000)
  from space 512K, 25% used [0x0000000796400000,0x0000000796420000,0x0000000796480000)
  to   space 1536K, 0% used [0x0000000796180000,0x0000000796180000,0x0000000796300000)
 ParOldGen       total 129536K, used 2093K [0x0000000740000000, 0x0000000747e80000, 0x0000000795580000)
  object space 129536K, 1% used [0x0000000740000000,0x000000074020b798,0x0000000747e80000)
 Metaspace       used 7485K, capacity 7631K, committed 7680K, reserved 1056768K
  class space    used 710K, capacity 754K, committed 768K, reserved 1048576K
}

